**********************
Windows PowerShell transcript start
Start time: 20260928054001
Username: WORKGROUP\SYSTEM
RunAs User: WORKGROUP\SYSTEM
Configuration Name: 
Machine: MMBB (Microsoft Windows NT 10.0.22000.0)
Host Application: powershell.exe -NoProfile -ExecutionPolicy Bypass -File C:\slate-interop.ps1 -Shutdown
Process ID: 3372
PSVersion: 5.1.22000.65
PSEdition: Desktop
PSCompatibleVersions: 1.0, 2.0, 3.0, 4.0, 5.0, 5.1.22000.65
BuildVersion: 10.0.22000.65
CLRVersion: 4.0.30319.42000
WSManStackVersion: 3.0
PSRemotingProtocolVersion: 2.3
SerializationVersion: 1.1.0.1
**********************
Transcript started, output file is C:\recovery-03798d1c391b4fc09e86d8dc7d4ffb3e-0.txt
RUN_ID=recovery-03798d1c391b4fc09e86d8dc7d4ffb3e-0
WINDOWS_BUILD=22000
CASE_SIGNATURE=1398800384;DRIVE=D:
CONTENT=AAAA
Volume - D: is NOT Dirty
The type of the file system is NTFS.

WARNING!  /F parameter not specified.
Running CHKDSK in read-only mode.

Stage 1: Examining basic file system structure ...
  65 file records processed.
File verification completed.
 Phase duration (File record verification): 9.65 milliseconds.
  0 large file records processed.
 Phase duration (Orphan file record recovery): 1.43 milliseconds.
  0 bad file records processed.
 Phase duration (Bad file record checking): 1.46 milliseconds.

Stage 2: Examining file name linkage ...
  1 reparse records processed.
  87 index entries processed.
Index verification completed.
 Phase duration (Index verification): 10.22 milliseconds.
  0 unindexed files scanned.
 Phase duration (Orphan reconnection): 1.49 milliseconds.
  0 unindexed files recovered to lost and found.
 Phase duration (Orphan recovery to lost and found): 1.61 milliseconds.
  1 reparse records processed.
 Phase duration (Reparse point and Object ID verification): 3.74 milliseconds.

Stage 3: Examining security descriptors ...
Security descriptor verification completed.
 Phase duration (Security descriptor verification): 3.26 milliseconds.
  11 data files processed.
 Phase duration (Data attribute verification): 3.92 milliseconds.

Windows has scanned the file system and found no problems.
No further action is required.

     65535 KB total disk space.
     37972 KB in 8 files.
        80 KB in 13 indexes.
         0 KB in bad sectors.
      2547 KB in use by the system.
      2048 KB occupied by the log file.
     24936 KB available on disk.

      4096 bytes in each allocation unit.
     16383 total allocation units on disk.
      6234 allocation units available on disk.
Total duration: 38.19 milliseconds (38 ms).
CHKDSK_EXIT=0
CASE_SIGNATURE=1398800385;DRIVE=E:
CONTENT=AAAA
Volume - E: is Dirty
The type of the file system is NTFS.

WARNING!  /F parameter not specified.
Running CHKDSK in read-only mode.

Stage 1: Examining basic file system structure ...
  65 file records processed.
File verification completed.
 Phase duration (File record verification): 7.93 milliseconds.
  0 large file records processed.
 Phase duration (Orphan file record recovery): 1.72 milliseconds.
  0 bad file records processed.
 Phase duration (Bad file record checking): 1.78 milliseconds.

Stage 2: Examining file name linkage ...
  1 reparse records processed.
  87 index entries processed.
Index verification completed.
 Phase duration (Index verification): 8.55 milliseconds.
  0 unindexed files scanned.
 Phase duration (Orphan reconnection): 1.85 milliseconds.
  0 unindexed files recovered to lost and found.
 Phase duration (Orphan recovery to lost and found): 1.84 milliseconds.
  1 reparse records processed.
 Phase duration (Reparse point and Object ID verification): 4.21 milliseconds.

Stage 3: Examining security descriptors ...
Security descriptor verification completed.
 Phase duration (Security descriptor verification): 3.10 milliseconds.
  11 data files processed.
 Phase duration (Data attribute verification): 1.73 milliseconds.

Windows has scanned the file system and found no problems.
No further action is required.

     65535 KB total disk space.
     37972 KB in 8 files.
        80 KB in 13 indexes.
         0 KB in bad sectors.
      2547 KB in use by the system.
      2048 KB occupied by the log file.
     24936 KB available on disk.

      4096 bytes in each allocation unit.
     16383 total allocation units on disk.
      6234 allocation units available on disk.
Total duration: 33.83 milliseconds (33 ms).
CHKDSK_EXIT=0
CASE_SIGNATURE=1398800386;DRIVE=F:
CONTENT=AAAA
Volume - F: is Dirty
The type of the file system is NTFS.

WARNING!  /F parameter not specified.
Running CHKDSK in read-only mode.

Stage 1: Examining basic file system structure ...
  65 file records processed.
File verification completed.
 Phase duration (File record verification): 7.33 milliseconds.
  0 large file records processed.
 Phase duration (Orphan file record recovery): 1.69 milliseconds.
  0 bad file records processed.
 Phase duration (Bad file record checking): 1.84 milliseconds.

Stage 2: Examining file name linkage ...
  1 reparse records processed.
  87 index entries processed.
Index verification completed.
 Phase duration (Index verification): 7.60 milliseconds.
  0 unindexed files scanned.
 Phase duration (Orphan reconnection): 1.78 milliseconds.
  0 unindexed files recovered to lost and found.
 Phase duration (Orphan recovery to lost and found): 2.00 milliseconds.
  1 reparse records processed.
 Phase duration (Reparse point and Object ID verification): 3.54 milliseconds.

Stage 3: Examining security descriptors ...
Security descriptor verification completed.
 Phase duration (Security descriptor verification): 2.89 milliseconds.
  11 data files processed.
 Phase duration (Data attribute verification): 1.82 milliseconds.

Windows has scanned the file system and found no problems.
No further action is required.

     65535 KB total disk space.
     37972 KB in 8 files.
        80 KB in 13 indexes.
         0 KB in bad sectors.
      2547 KB in use by the system.
      2048 KB occupied by the log file.
     24936 KB available on disk.

      4096 bytes in each allocation unit.
     16383 total allocation units on disk.
      6234 allocation units available on disk.
Total duration: 31.52 milliseconds (31 ms).
CHKDSK_EXIT=0
CASE_SIGNATURE=1398800387;DRIVE=G:
CONTENT=AAAA
Volume - G: is Dirty
The type of the file system is NTFS.

WARNING!  /F parameter not specified.
Running CHKDSK in read-only mode.

Stage 1: Examining basic file system structure ...
  65 file records processed.
File verification completed.
 Phase duration (File record verification): 8.85 milliseconds.
  0 large file records processed.
 Phase duration (Orphan file record recovery): 1.67 milliseconds.
  0 bad file records processed.
 Phase duration (Bad file record checking): 1.98 milliseconds.

Stage 2: Examining file name linkage ...
  1 reparse records processed.
  87 index entries processed.
Index verification completed.
 Phase duration (Index verification): 7.42 milliseconds.
  0 unindexed files scanned.
 Phase duration (Orphan reconnection): 1.86 milliseconds.
  0 unindexed files recovered to lost and found.
 Phase duration (Orphan recovery to lost and found): 2.33 milliseconds.
  1 reparse records processed.
 Phase duration (Reparse point and Object ID verification): 5.03 milliseconds.

Stage 3: Examining security descriptors ...
Security descriptor verification completed.
 Phase duration (Security descriptor verification): 5.74 milliseconds.
  11 data files processed.
 Phase duration (Data attribute verification): 1.69 milliseconds.

Windows has scanned the file system and found no problems.
No further action is required.

     65535 KB total disk space.
     37972 KB in 8 files.
        80 KB in 13 indexes.
         0 KB in bad sectors.
      2547 KB in use by the system.
      2048 KB occupied by the log file.
     24936 KB available on disk.

      4096 bytes in each allocation unit.
     16383 total allocation units on disk.
      6234 allocation units available on disk.
Total duration: 37.73 milliseconds (37 ms).
CHKDSK_EXIT=0
CASE_SIGNATURE=1398800388;DRIVE=H:
CONTENT=AAAA
Volume - H: is Dirty
The type of the file system is NTFS.

WARNING!  /F parameter not specified.
Running CHKDSK in read-only mode.

Stage 1: Examining basic file system structure ...
  65 file records processed.
File verification completed.
 Phase duration (File record verification): 7.56 milliseconds.
  0 large file records processed.
 Phase duration (Orphan file record recovery): 1.88 milliseconds.
  0 bad file records processed.
 Phase duration (Bad file record checking): 1.79 milliseconds.

Stage 2: Examining file name linkage ...
  1 reparse records processed.
  87 index entries processed.
Index verification completed.
 Phase duration (Index verification): 9.76 milliseconds.
  0 unindexed files scanned.
 Phase duration (Orphan reconnection): 1.72 milliseconds.
  0 unindexed files recovered to lost and found.
 Phase duration (Orphan recovery to lost and found): 2.80 milliseconds.
  1 reparse records processed.
 Phase duration (Reparse point and Object ID verification): 4.43 milliseconds.

Stage 3: Examining security descriptors ...
Security descriptor verification completed.
 Phase duration (Security descriptor verification): 2.86 milliseconds.
  11 data files processed.
 Phase duration (Data attribute verification): 1.90 milliseconds.

Windows has scanned the file system and found no problems.
No further action is required.

     65535 KB total disk space.
     37972 KB in 8 files.
        80 KB in 13 indexes.
         0 KB in bad sectors.
      2547 KB in use by the system.
      2048 KB occupied by the log file.
     24936 KB available on disk.

      4096 bytes in each allocation unit.
     16383 total allocation units on disk.
      6234 allocation units available on disk.
Total duration: 35.76 milliseconds (35 ms).
CHKDSK_EXIT=0
NTFS_EVENT=<Event xmlns='http://schemas.microsoft.com/win/2004/08/events/event'><System><Provider Name='Ntfs' Guid='{dd70bc80-ef44-421b-8ac3-cd31da613a4e}'/><EventID>130</EventID><Version>0</Version><Level>3</Level><Task>0</Task><Opcode>0</Opcode><Keywords>0x8000000000000000</Keywords><TimeCreated SystemTime='2026-09-28T09:39:56.0697361Z'/><EventRecordID>2122</EventRecordID><Correlation/><Execution ProcessID='4' ThreadID='2684'/><Channel>System</Channel><Computer>MMBB</Computer><Security UserID='S-1-5-18'/></System><EventData><Data Name='VolumeIdLength'>2</Data><Data Name='VolumeId'>C:</Data><Data Name='RepairDetail'>25008: Start repair on 09/28/2026 at 05:39:56:053 25017: Processing repair verb IndexEntry: 0x20000000060b9, "$I30", "Diagtrack-Listener.etl.002" Flags: 0x32, 0x1 26065: Deleting index entry Diagtrack-Listener.etl.002 in index 0x20000000060b9 of file 0xb0000000002f2. 25009: End repair on 09/28/2026 at 05:39:56:069 </Data><Data Name='RepairDataLength'>152</Data><Data Name='RepairData'>0D000000FFFFFFFFFFFFFFFF1801170006000000000000000000000000000000000000000000000000000000000000000000000000000000000000000000000003000000000000000000000000000000000000000000000000000000030000000200000000000000000000000000000000000000000000000000000000000000000000000200000000000000000000000000000000000000</Data></EventData></Event>
NTFS_EVENT=<Event xmlns='http://schemas.microsoft.com/win/2004/08/events/event'><System><Provider Name='Ntfs' Guid='{dd70bc80-ef44-421b-8ac3-cd31da613a4e}'/><EventID>130</EventID><Version>0</Version><Level>3</Level><Task>0</Task><Opcode>0</Opcode><Keywords>0x8000000000000000</Keywords><TimeCreated SystemTime='2026-09-28T09:39:53.8055735Z'/><EventRecordID>2121</EventRecordID><Correlation/><Execution ProcessID='4' ThreadID='2684'/><Channel>System</Channel><Computer>MMBB</Computer><Security UserID='S-1-5-18'/></System><EventData><Data Name='VolumeIdLength'>2</Data><Data Name='VolumeId'>C:</Data><Data Name='RepairDetail'>25008: Start repair on 09/28/2026 at 05:39:53:788 25017: Processing repair verb IndexEntry: 0x100000000053c, "$I30", "StateRepository-Machine.srd-shm" Flags: 0x32, 0x1 26065: Deleting index entry StateRepository-Machine.srd-shm in index 0x100000000053c of file 0x6000000018d64. 25009: End repair on 09/28/2026 at 05:39:53:803 </Data><Data Name='RepairDataLength'>152</Data><Data Name='RepairData'>0D000000FFFFFFFFFFFFFFFF1801170006000000000000000000000000000000000000000000000000000000000000000000000000000000000000000000000002000000000000000000000000000000000000000000000000000000020000000100000000000000000000000000000000000000000000000000000000000000000000000100000000000000000000000000000000000000</Data></EventData></Event>
NTFS_EVENT=<Event xmlns='http://schemas.microsoft.com/win/2004/08/events/event'><System><Provider Name='Ntfs' Guid='{dd70bc80-ef44-421b-8ac3-cd31da613a4e}'/><EventID>130</EventID><Version>0</Version><Level>3</Level><Task>0</Task><Opcode>0</Opcode><Keywords>0x8000000000000000</Keywords><TimeCreated SystemTime='2026-09-28T09:39:53.7492673Z'/><EventRecordID>2119</EventRecordID><Correlation/><Execution ProcessID='4' ThreadID='2684'/><Channel>System</Channel><Computer>MMBB</Computer><Security UserID='S-1-5-18'/></System><EventData><Data Name='VolumeIdLength'>2</Data><Data Name='VolumeId'>C:</Data><Data Name='RepairDetail'>25008: Start repair on 09/28/2026 at 05:39:53:741 25017: Processing repair verb IndexEntry: 0x100000000053c, "$I30", "StateRepository-Machine.srd-wal" Flags: 0x32, 0x1 26065: Deleting index entry StateRepository-Machine.srd-wal in index 0x100000000053c of file 0x7000000018d40. 25009: End repair on 09/28/2026 at 05:39:53:741 </Data><Data Name='RepairDataLength'>152</Data><Data Name='RepairData'>0D000000FFFFFFFFFFFFFFFF1801170006000000000000000000000000000000000000000000000000000000000000000000000000000000000000000000000001000000000000000000000000000000000000000000000000000000010000000000000000000000000000000000000000000000000000000000000000000000000000000000000000000000000000000000000000000000</Data></EventData></Event>
RUN_COMPLETE=recovery-03798d1c391b4fc09e86d8dc7d4ffb3e-0
**********************
Windows PowerShell transcript end
End time: 20260928054007
**********************
